mrpg -p -v startup
06/23/15 18:46:45 mrpg: mrpg goes to background
18:46:45 mrpg: Reading task tables
18:46:45 mrpg:     Reading task attr table file /home/b16r1_10c/cfg/task_attr_table
18:46:45 mrpg:     cpu_limit set to 80 for veldeal
18:46:45 mrpg:     mem_limit set to 4000 for veldeal
18:46:45 mrpg:     Reading task table file /home/b16r1_10c/cfg/task_tables
18:46:45 mrpg:     Common cpu_limit set to 50
18:46:45 mrpg:     Common mem_limit set to 60
18:46:45 mrpg:     Common cpu_window set to 40
18:46:45 mrpg: Empty shutdown commands table
18:46:45 mrpg: Cleaning up all data stores...
18:46:45 mrpg: Start up RPG - Non-operational
18:46:45 mrpg: Reading data table
18:46:45 mrpg:     Reading data table file /home/b16r1_10c/cfg/data_attr_table
18:46:45 mrpg: Reading product table
18:46:45 mrpg:     Reading product table file /home/b16r1_10c/cfg/product_attr_table
18:46:45 mrpg: Generating system configuration file
18:46:45 mrpg:     Use old system config file
18:46:45 mrpg: Reading comms configuration
18:46:45 mrpg: RPG state file /home/b16r1_10c/data/rpg_state created
18:46:45 mrpg: RPG System is STARTING UP
18:46:45 mrpg: ORPGDA: RSS_orpgda_lb_open $(ORPGDIR)/mngrpg/syslog.lb failed (ret = -43)
18:46:45 mrpg: ORPGDA_write ORPGDAT_SYSLOG failed (ret -43)
18:46:45 mrpg: Removing all RPG operational tasks
18:46:45 mrpg: Removing all RPG tasks ...
18:46:45 mrpg: Checking/creating/clearing RPG data stores - startup
18:46:45 mrpg: Checking permanent file /home/b16r1_10c/data/config_device.*
18:46:45 mrpg: Checking permanent file /home/b16r1_10c/data/trap.log
18:46:45 mrpg: Checking permanent file /home/b16r1_10c/data/owr_server.log
18:46:45 mrpg: Checking permanent file /home/b16r1_10c/data/syslog_shadow.lb
18:46:53 mrpg: Executing init commands - startup
18:46:53 mrpg: --->Initialize Adaptation Data
18:46:54 mrpg: --->Initialize the Binary Task Attribute Table
18:46:54 mrpg: --->Initialize Critical Data Stores
18:46:54 mrpg: --->Initialize RDA Alarms Table
18:46:54 mrpg: --->Initialize the ITCs
18:46:54 mrpg: --->Check HYDROMET Files.
18:46:54 mrpg: --->Initialize HYDROMET Files.
18:46:54 mrpg: --->Initialize GSM
18:46:54 mrpg: --->Initialize Binary Product Attributes Table
18:46:54 mrpg: --->Initialize Product Distribution
18:46:54 mrpg: --->Initialize Routine Request Product Generation
18:46:54 mrpg: --->Initialize Product Generation Tables
18:46:54 mrpg: --->Initialize Alert Requests/Alert Thresholds
18:46:54 mrpg: --->Initialize Loadshed Information
18:46:54 mrpg: --->Initialize Clutter
18:46:54 mrpg: --->Initialize RDA Adaptation Data
18:46:54 mrpg: --->Initialize ISDP Estimate
18:46:55 mrpg: Starting operational processes
18:46:55 mrpg:     Execute op process: recomb -T a_recomb -A -l 1000
18:46:55 mrpg:     Execute op process: alerting 
18:46:55 mrpg:     Execute op process: basrflct -T basrflct
18:46:55 mrpg:     Execute op process: basspect -T basspect
18:46:55 mrpg:     Execute op process: basvgrid 
18:46:55 mrpg:     Execute op process: basvlcty -T basvlcty
18:46:55 mrpg:     Execute op process: bref8bit -T bref8bit
18:46:55 mrpg:     Execute op process: bvel8bit -T bvel8bit
18:46:55 mrpg:     Execute op process: clutprod 
18:46:55 mrpg:     Execute op process: cmprfape 
18:46:55 mrpg:     Execute op process: cmprfcg -T cmprfcg
18:46:56 mrpg:     Execute op process: cmprflct 
18:46:56 mrpg:     Execute op process: combattr 
18:46:56 mrpg:     Execute op process: control_rda -d -l 5000 -v
18:46:56 mrpg:     Execute op process: cpcntalg 
18:46:56 mrpg:     Execute op process: crapeprd 
18:46:56 mrpg:     Execute op process: data_qual 
18:46:56 mrpg:     Execute op process: dp_dua_accum -T dp_dua_accum
18:46:56 mrpg:     Execute op process: dp_elev_prod 
18:46:56 mrpg:     Execute op process: dp_lt_accum 
18:46:56 mrpg:     Execute op process: dp_precip_4bit 
18:46:57 mrpg:     Execute op process: dp_precip_8bit 
18:46:57 mrpg:     Execute op process: dp_s2s_accum 
18:46:57 mrpg:     Execute op process: dpprep 
18:46:57 mrpg:     Execute op process: dqa_elev 
18:46:57 mrpg:     Execute op process: dualpol4bit 
18:46:57 mrpg:     Execute op process: dualpol8bit 
18:46:57 mrpg:     Execute op process: ecotppro 
18:46:57 mrpg:     Execute op process: elev_prod -T elev_prod
18:46:57 mrpg:     Execute op process: epre 
18:46:57 mrpg:     Execute op process: hail_hazard 
18:46:58 mrpg:     Execute op process: hailalg 
18:46:58 mrpg:     Execute op process: hailprod 
18:46:58 mrpg:     Execute op process: hca 
18:46:58 mrpg:     Execute op process: hci_agent 
18:46:58 mrpg:     Execute op process: hhc8bit -T hhc8bit
18:46:58 mrpg:     Execute op process: hireseet 
18:46:58 mrpg:     Execute op process: hiresvil 
18:46:58 mrpg:     Execute op process: hybrprod 
18:46:58 mrpg:     Execute op process: icing_hazard 
18:46:58 mrpg:     Execute op process: itwsdbv 
18:46:58 mrpg:     Execute op process: lcrap 
18:46:59 mrpg:     Execute op process: lcrappg 
18:46:59 mrpg:     Execute op process: lcrflct 
18:46:59 mrpg:     Execute op process: recomb -T ldm_recomb -A -l 1000
18:46:59 mrpg:     Execute op process: mda1d 
18:46:59 mrpg:     Execute op process: mda2d 
18:46:59 mrpg:     Execute op process: mda3d 
18:46:59 mrpg:     Execute op process: mdaprod 
18:46:59 mrpg:     Execute op process: mdattnn 
18:46:59 mrpg:     Execute op process: mlda 
18:46:59 mrpg:     Execute op process: mlprod -T mlprod
18:47:00 mrpg:     Execute op process: mngdskerr 
18:47:00 mrpg:     Execute op process: nexradAmda 
18:47:00 mrpg:     Execute op process: nexradMigfa -N
18:47:00 mrpg:     Execute op process: ntda_alg 
18:47:00 mrpg:     Execute op process: ntda_fp 
18:47:00 mrpg:     Execute op process: owr_server -l
18:47:00 mrpg:     Execute op process: pbd -v -l 5000
18:47:00 mrpg:     Execute op process: pcipdalg 
18:47:00 mrpg:     Execute op process: prcpadju 
18:47:00 mrpg:     Execute op process: prcpprod 
18:47:00 mrpg:     Execute op process: prcprtac 
18:47:01 mrpg:     Execute op process: prcpuspt 
18:47:01 mrpg:     Execute op process: prfbmap 
18:47:01 mrpg:     Execute op process: prfselect 
18:47:01 mrpg:     Execute op process: ps_onetime -v 3
18:47:01 mrpg:     Execute op process: ps_routine -v 3 -l500
18:47:01 mrpg:     Execute op process: qia 
18:47:01 mrpg:     Execute op process: qperate 
18:47:01 mrpg:     Execute op process: radcdmsg -T radcdmsg
18:47:01 mrpg:     Execute op process: recclalg 
18:47:01 mrpg:     Execute op process: recclprods 
18:47:01 mrpg:     Execute op process: recomb -T recomb -l 1000
18:47:02 mrpg:     Execute op process: basrflct -T replay_basrflct
18:47:02 mrpg:     Execute op process: basspect -T replay_basspect
18:47:02 mrpg:     Execute op process: basvlcty -T replay_basvlcty
18:47:02 mrpg:     Execute op process: bref8bit -T replay_bref8bit
18:47:02 mrpg:     Execute op process: bvel8bit -T replay_bvel8bit
18:47:02 mrpg:     Execute op process: cmprfcg -T replay_cmprfcg
18:47:02 mrpg:     Execute op process: dp_dua_accum -T replay_dp_dua_accum
18:47:02 mrpg:     Execute op process: radcdmsg -T replay_radcdmsg
18:47:02 mrpg:     Execute op process: srmrmrv -T replay_srmrmrv
18:47:02 mrpg:     Execute op process: user_sel_LRM -T replay_user_sel_LRM
18:47:03 mrpg:     Execute op process: vad -T replay_vad
18:47:03 mrpg:     Execute op process: vertxsct -T replay_vertxsct
18:47:03 mrpg:     Execute op process: rpgdbm -v
18:47:03 mrpg:     Execute op process: saaprods 
18:47:03 mrpg:     Execute op process: saausers 
18:47:03 mrpg:     Execute op process: segmtalg 
18:47:03 mrpg:     Execute op process: snowaccum 
18:47:03 mrpg:     Execute op process: elev_prod -T sr_elev_prod
18:47:03 mrpg:     Execute op process: srmrmrv -T srmrmrv
18:47:04 mrpg:     Execute op process: status_prod 
18:47:04 mrpg:     Execute op process: stmtrprd 
18:47:04 mrpg:     Execute op process: strucprod 
18:47:04 mrpg:     Execute op process: superes8bit 
18:47:04 mrpg:     Execute op process: superob_vel 
18:47:04 mrpg:     Execute op process: tda1d 
18:47:04 mrpg:     Execute op process: tda2d3d 
18:47:04 mrpg:     Execute op process: tda2d3dru 
18:47:04 mrpg:     Execute op process: tdaruprod 
18:47:04 mrpg:     Execute op process: trfrcalg 
18:47:04 mrpg:     Execute op process: tvsprod 
18:47:05 mrpg:     Execute op process: update_alg_data 
18:47:05 mrpg:     Execute op process: user_sel_LRM -T user_sel_LRM
18:47:05 mrpg:     Execute op process: vad -T vad
18:47:05 mrpg:     Execute op process: veldeal -I
18:47:05 mrpg:     Execute op process: vertxsct -T vertxsct
18:47:05 mrpg:     Execute op process: viletalg 
18:47:05 mrpg:     Execute op process: vilprod 
18:47:05 mrpg:     Execute op process: vwindpro 
18:47:05 mrpg:     Execute op process: wideband_agent 
18:47:05 mrpg: All operational processes started. Waiting for OP ready ...
18:47:07 mrpg: RPG State: OPERATE
18:47:07 mrpg: RPG Operability Status: ONLINE
18:47:07 mrpg: RPG System Startup Completed
18:47:07 mrpg: RPG startup completed

